app/build/intermediates/manifest_merge_blame_file/debug/manifest-merger-blame-debug-report.txt
1<?xml version="1.0" encoding="utf-8"?>
2<manifest xmlns:android="http://schemas.android.com/apk/res/android"
3    package="com.my.authenticatorapp"
4    android:versionCode="1"
5    android:versionName="1.0" >
6
7    <uses-sdk
8        android:minSdkVersion="21"
8-->src\main\AndroidManifest.xml
9        android:targetSdkVersion="30" />
9-->src\main\AndroidManifest.xml
10
11    <uses-permission android:name="android.permission.INTERNET" />
11-->src\main\AndroidManifest.xml:5:5-67
11-->src\main\AndroidManifest.xml:5:22-64
12    <uses-permission android:name="android.permission.ACCESS_NETWORK_STATE" />
12-->[com.google.firebase:firebase-auth:20.0.3] AndroidManifest.xml:24:5-79
12-->[com.google.firebase:firebase-auth:20.0.3] AndroidManifest.xml:24:22-76
13
14    <application
14-->src\main\AndroidManifest.xml:7:5-38:19
15        android:allowBackup="true"
15-->src\main\AndroidManifest.xml:8:9-35
16        android:appComponentFactory="androidx.core.app.CoreComponentFactory"
16-->[androidx.core:core:1.3.1] AndroidManifest.xml:24:18-86
17        android:debuggable="true"
18        android:icon="@mipmap/ic_launcher"
18-->src\main\AndroidManifest.xml:9:9-43
19        android:label="@string/app_name"
19-->src\main\AndroidManifest.xml:10:9-41
20        android:roundIcon="@mipmap/ic_launcher_round"
20-->src\main\AndroidManifest.xml:11:9-54
21        android:supportsRtl="true"
21-->src\main\AndroidManifest.xml:12:9-35
22        android:testOnly="true"
23        android:theme="@style/Theme.AuthenticatorApp" >
23-->src\main\AndroidManifest.xml:13:9-54
24        <activity android:name="com.my.authenticatorapp.NavigationDrawer" />
24-->src\main\AndroidManifest.xml:14:9-54
24-->src\main\AndroidManifest.xml:14:19-51
25        <!-- <activity android:name="second" /> -->
26        <activity android:name="com.my.authenticatorapp.EditProfile" />
26-->src\main\AndroidManifest.xml:16:9-49
26-->src\main\AndroidManifest.xml:16:19-46
27        <activity android:name="com.my.authenticatorapp.Register" />
27-->src\main\AndroidManifest.xml:17:9-46
27-->src\main\AndroidManifest.xml:17:19-43
28        <activity android:name="com.my.authenticatorapp.Cart" />
28-->src\main\AndroidManifest.xml:18:9-41
28-->src\main\AndroidManifest.xml:18:19-39
29        <activity android:name="com.my.authenticatorapp.Login" />
29-->src\main\AndroidManifest.xml:19:9-42
29-->src\main\AndroidManifest.xml:19:19-40
30        <activity android:name="com.my.authenticatorapp.splash" >
30-->src\main\AndroidManifest.xml:20:9-26:20
30-->src\main\AndroidManifest.xml:20:19-41
31            <intent-filter>
31-->src\main\AndroidManifest.xml:21:13-25:29
32                <action android:name="android.intent.action.MAIN" />
32-->src\main\AndroidManifest.xml:22:17-69
32-->src\main\AndroidManifest.xml:22:25-66
33
34                <category android:name="android.intent.category.LAUNCHER" />
34-->src\main\AndroidManifest.xml:24:17-77
34-->src\main\AndroidManifest.xml:24:27-74
35            </intent-filter>
36        </activity>
37        <activity android:name="com.my.authenticatorapp.MainActivity" >
37-->src\main\AndroidManifest.xml:27:9-33:20
37-->src\main\AndroidManifest.xml:27:19-47
38            <intent-filter>
38-->src\main\AndroidManifest.xml:21:13-25:29
39                <action android:name="android.intent.action.MAIN" />
39-->src\main\AndroidManifest.xml:22:17-69
39-->src\main\AndroidManifest.xml:22:25-66
40
41                <category android:name="android.intent.category.LAUNCHER" />
41-->src\main\AndroidManifest.xml:24:17-77
41-->src\main\AndroidManifest.xml:24:27-74
42            </intent-filter>
43        </activity>
44
45        <meta-data
45-->src\main\AndroidManifest.xml:35:9-37:57
46            android:name="preloaded_fonts"
46-->src\main\AndroidManifest.xml:36:13-43
47            android:resource="@array/preloaded_fonts" />
47-->src\main\AndroidManifest.xml:37:13-54
48
49        <activity
49-->[com.google.firebase:firebase-auth:20.0.3] AndroidManifest.xml:27:9-44:20
50            android:name="com.google.firebase.auth.internal.GenericIdpActivity"
50-->[com.google.firebase:firebase-auth:20.0.3] AndroidManifest.xml:28:13-80
51            android:excludeFromRecents="true"
51-->[com.google.firebase:firebase-auth:20.0.3] AndroidManifest.xml:29:13-46
52            android:exported="true"
52-->[com.google.firebase:firebase-auth:20.0.3] AndroidManifest.xml:30:13-36
53            android:launchMode="singleTask"
53-->[com.google.firebase:firebase-auth:20.0.3] AndroidManifest.xml:31:13-44
54            android:theme="@android:style/Theme.Translucent.NoTitleBar" >
54-->[com.google.firebase:firebase-auth:20.0.3] AndroidManifest.xml:32:13-72
55            <intent-filter>
55-->[com.google.firebase:firebase-auth:20.0.3] AndroidManifest.xml:33:13-43:29
56                <action android:name="android.intent.action.VIEW" />
56-->[com.google.firebase:firebase-auth:20.0.3] AndroidManifest.xml:34:17-69
56-->[com.google.firebase:firebase-auth:20.0.3] AndroidManifest.xml:34:25-66
57
58                <category android:name="android.intent.category.DEFAULT" />
58-->[com.google.firebase:firebase-auth:20.0.3] AndroidManifest.xml:36:17-76
58-->[com.google.firebase:firebase-auth:20.0.3] AndroidManifest.xml:36:27-73
59                <category android:name="android.intent.category.BROWSABLE" />
59-->[com.google.firebase:firebase-auth:20.0.3] AndroidManifest.xml:37:17-78
59-->[com.google.firebase:firebase-auth:20.0.3] AndroidManifest.xml:37:27-75
60
61                <data
61-->[com.google.firebase:firebase-auth:20.0.3] AndroidManifest.xml:39:17-42:51
62                    android:host="firebase.auth"
62-->[com.google.firebase:firebase-auth:20.0.3] AndroidManifest.xml:40:21-49
63                    android:path="/"
63-->[com.google.firebase:firebase-auth:20.0.3] AndroidManifest.xml:41:21-37
64                    android:scheme="genericidp" />
64-->[com.google.firebase:firebase-auth:20.0.3] AndroidManifest.xml:42:21-48
65            </intent-filter>
66        </activity>
67        <activity
67-->[com.google.firebase:firebase-auth:20.0.3] AndroidManifest.xml:45:9-62:20
68            android:name="com.google.firebase.auth.internal.RecaptchaActivity"
68-->[com.google.firebase:firebase-auth:20.0.3] AndroidManifest.xml:46:13-79
69            android:excludeFromRecents="true"
69-->[com.google.firebase:firebase-auth:20.0.3] AndroidManifest.xml:47:13-46
70            android:exported="true"
70-->[com.google.firebase:firebase-auth:20.0.3] AndroidManifest.xml:48:13-36
71            android:launchMode="singleTask"
71-->[com.google.firebase:firebase-auth:20.0.3] AndroidManifest.xml:49:13-44
72            android:theme="@android:style/Theme.Translucent.NoTitleBar" >
72-->[com.google.firebase:firebase-auth:20.0.3] AndroidManifest.xml:50:13-72
73            <intent-filter>
73-->[com.google.firebase:firebase-auth:20.0.3] AndroidManifest.xml:51:13-61:29
74                <action android:name="android.intent.action.VIEW" />
74-->[com.google.firebase:firebase-auth:20.0.3] AndroidManifest.xml:34:17-69
74-->[com.google.firebase:firebase-auth:20.0.3] AndroidManifest.xml:34:25-66
75
76                <category android:name="android.intent.category.DEFAULT" />
76-->[com.google.firebase:firebase-auth:20.0.3] AndroidManifest.xml:36:17-76
76-->[com.google.firebase:firebase-auth:20.0.3] AndroidManifest.xml:36:27-73
77                <category android:name="android.intent.category.BROWSABLE" />
77-->[com.google.firebase:firebase-auth:20.0.3] AndroidManifest.xml:37:17-78
77-->[com.google.firebase:firebase-auth:20.0.3] AndroidManifest.xml:37:27-75
78
79                <data
79-->[com.google.firebase:firebase-auth:20.0.3] AndroidManifest.xml:39:17-42:51
80                    android:host="firebase.auth"
80-->[com.google.firebase:firebase-auth:20.0.3] AndroidManifest.xml:40:21-49
81                    android:path="/"
81-->[com.google.firebase:firebase-auth:20.0.3] AndroidManifest.xml:41:21-37
82                    android:scheme="recaptcha" />
82-->[com.google.firebase:firebase-auth:20.0.3] AndroidManifest.xml:42:21-48
83            </intent-filter>
84        </activity>
85
86        <service
86-->[com.google.firebase:firebase-auth:20.0.3] AndroidManifest.xml:64:9-73:19
87            android:name="com.google.firebase.auth.api.fallback.service.FirebaseAuthFallbackService"
87-->[com.google.firebase:firebase-auth:20.0.3] AndroidManifest.xml:65:13-101
88            android:enabled="true"
88-->[com.google.firebase:firebase-auth:20.0.3] AndroidManifest.xml:66:13-35
89            android:exported="false" >
89-->[com.google.firebase:firebase-auth:20.0.3] AndroidManifest.xml:67:13-37
90            <intent-filter>
90-->[com.google.firebase:firebase-auth:20.0.3] AndroidManifest.xml:68:13-72:29
91                <action android:name="com.google.firebase.auth.api.gms.service.START" />
91-->[com.google.firebase:firebase-auth:20.0.3] AndroidManifest.xml:69:17-89
91-->[com.google.firebase:firebase-auth:20.0.3] AndroidManifest.xml:69:25-86
92
93                <category android:name="android.intent.category.DEFAULT" />
93-->[com.google.firebase:firebase-auth:20.0.3] AndroidManifest.xml:36:17-76
93-->[com.google.firebase:firebase-auth:20.0.3] AndroidManifest.xml:36:27-73
94            </intent-filter>
95        </service>
96        <service
96-->[com.google.firebase:firebase-auth:20.0.3] AndroidManifest.xml:74:9-80:19
97            android:name="com.google.firebase.components.ComponentDiscoveryService"
97-->[com.google.firebase:firebase-auth:20.0.3] AndroidManifest.xml:75:13-84
98            android:directBootAware="true"
98-->[com.google.firebase:firebase-common:19.5.0] AndroidManifest.xml:35:13-43
99            android:exported="false" >
99-->[com.google.firebase:firebase-auth:20.0.3] AndroidManifest.xml:76:13-37
100            <meta-data
100-->[com.google.firebase:firebase-auth:20.0.3] AndroidManifest.xml:77:13-79:85
101                android:name="com.google.firebase.components:com.google.firebase.auth.FirebaseAuthRegistrar"
101-->[com.google.firebase:firebase-auth:20.0.3] AndroidManifest.xml:78:17-109
102                android:value="com.google.firebase.components.ComponentRegistrar" />
102-->[com.google.firebase:firebase-auth:20.0.3] AndroidManifest.xml:79:17-82
103            <meta-data
103-->[com.google.firebase:firebase-storage:19.2.2] AndroidManifest.xml:33:13-35:85
104                android:name="com.google.firebase.components:com.google.firebase.storage.StorageRegistrar"
104-->[com.google.firebase:firebase-storage:19.2.2] AndroidManifest.xml:34:17-107
105                android:value="com.google.firebase.components.ComponentRegistrar" />
105-->[com.google.firebase:firebase-storage:19.2.2] AndroidManifest.xml:35:17-82
106            <meta-data
106-->[com.google.firebase:firebase-firestore:22.1.2] AndroidManifest.xml:20:13-22:85
107                android:name="com.google.firebase.components:com.google.firebase.firestore.FirestoreRegistrar"
107-->[com.google.firebase:firebase-firestore:22.1.2] AndroidManifest.xml:21:17-111
108                android:value="com.google.firebase.components.ComponentRegistrar" />
108-->[com.google.firebase:firebase-firestore:22.1.2] AndroidManifest.xml:22:17-82
109            <!--
110                This registrar is not defined in the dynamic-module-support sdk itself to allow non-firebase
111                clients to use it as well, by defining this registrar in their own core/common library.
112            -->
113            <meta-data
113-->[com.google.firebase:firebase-common:19.5.0] AndroidManifest.xml:43:13-45:85
114                android:name="com.google.firebase.components:com.google.firebase.dynamicloading.DynamicLoadingRegistrar"
114-->[com.google.firebase:firebase-common:19.5.0] AndroidManifest.xml:44:17-121
115                android:value="com.google.firebase.components.ComponentRegistrar" />
115-->[com.google.firebase:firebase-common:19.5.0] AndroidManifest.xml:45:17-82
116        </service>
117
118        <provider
118-->[com.squareup.picasso:picasso:2.71828] AndroidManifest.xml:8:9-11:40
119            android:name="com.squareup.picasso.PicassoProvider"
119-->[com.squareup.picasso:picasso:2.71828] AndroidManifest.xml:9:13-64
120            android:authorities="com.my.authenticatorapp.com.squareup.picasso"
120-->[com.squareup.picasso:picasso:2.71828] AndroidManifest.xml:10:13-72
121            android:exported="false" />
121-->[com.squareup.picasso:picasso:2.71828] AndroidManifest.xml:11:13-37
122
123        <activity
123-->[com.google.android.gms:play-services-base:17.1.0] AndroidManifest.xml:23:9-26:75
124            android:name="com.google.android.gms.common.api.GoogleApiActivity"
124-->[com.google.android.gms:play-services-base:17.1.0] AndroidManifest.xml:24:13-79
125            android:exported="false"
125-->[com.google.android.gms:play-services-base:17.1.0] AndroidManifest.xml:25:13-37
126            android:theme="@android:style/Theme.Translucent.NoTitleBar" />
126-->[com.google.android.gms:play-services-base:17.1.0] AndroidManifest.xml:26:13-72
127
128        <provider
128-->[com.google.firebase:firebase-common:19.5.0] AndroidManifest.xml:26:9-31:39
129            android:name="com.google.firebase.provider.FirebaseInitProvider"
129-->[com.google.firebase:firebase-common:19.5.0] AndroidManifest.xml:27:13-77
130            android:authorities="com.my.authenticatorapp.firebaseinitprovider"
130-->[com.google.firebase:firebase-common:19.5.0] AndroidManifest.xml:28:13-72
131            android:directBootAware="true"
131-->[com.google.firebase:firebase-common:19.5.0] AndroidManifest.xml:29:13-43
132            android:exported="false"
132-->[com.google.firebase:firebase-common:19.5.0] AndroidManifest.xml:30:13-37
133            android:initOrder="100" />
133-->[com.google.firebase:firebase-common:19.5.0] AndroidManifest.xml:31:13-36
134
135        <meta-data
135-->[com.google.android.gms:play-services-basement:17.1.0] AndroidManifest.xml:23:9-25:69
136            android:name="com.google.android.gms.version"
136-->[com.google.android.gms:play-services-basement:17.1.0] AndroidManifest.xml:24:13-58
137            android:value="@integer/google_play_services_version" />
137-->[com.google.android.gms:play-services-basement:17.1.0] AndroidManifest.xml:25:13-66
138    </application>
139
140</manifest>